Arguments: 
  C:\Program Files\nodejs\node.exe C:\Program Files (x86)\Yarn\bin\yarn.js build

PATH: 
  C:\Users\pstri\bin;C:\Program Files\Git\mingw64\bin;C:\Program Files\Git\usr\local\bin;C:\Program Files\Git\usr\bin;C:\Program Files\Git\usr\bin;C:\Program Files\Git\mingw64\bin;C:\Program Files\Git\usr\bin;C:\Users\pstri\bin;C:\Python312\Scripts;C:\Python312;C:\ProgramData\Oracle\Java\javapath;C:\Program Files\Common Files\Oracle\Java\javapath;C:\adb;C:\Windows;C:\Windows\System32\Wbem;C:\Windows\System32\WindowsPowerShell\v1.0;C:\Windows\System32\OpenSSH;C:\Program Files\Git\cmd;C:\PHP;C:\ProgramData\ComposerSetup\bin;C:\Program Files\dotnet;C:\Program Files\Microsoft SQL Server\Client SDK\ODBC\130\Tools\Binn;C:\Program Files\Azure Data Studio\bin;C:\Program Files\Microsoft SQL Server\Client SDK\ODBC\170\Tools\Binn;C:\Program Files (x86)\Microsoft SQL Server\150\Tools\Binn;C:\Program Files\Microsoft SQL Server\150\Tools\Binn;C:\Program Files\Microsoft SQL Server\150\DTS\Binn;C:\Program Files (x86)\Microsoft SQL Server\150\DTS\Binn;C:\Users\pstri\AppData\Roaming\nvm;C:\Program Files\nodejs;C:\Program Files\MATLAB\R2021a\bin;C:\Program Files\Microsoft SQL Server\130\Tools\Binn;C:\Program Files\Docker\Docker\resources\bin;C:\ProgramData\DockerDesktop\version-bin;C:\Windows\system32;C:\Windows\System32\WindowsPowerShell\v1.0;C:\Program Files\Docker\Docker\resources\bin;C:\Program Files\Docker\Docker\resources;C:\Program Files\PuTTY;C:\ProgramData\chocolatey\bin;C:\Program Files (x86)\Yarn\bin;C:\Users\pstri\AppData\Local\Microsoft\WindowsApps;C:\Users\pstri\AppData\Local\Programs\Microsoft VS Code\bin;C:\PHP;C:\Users\pstri\AppData\Roaming\Composer\vendor\bin;C:\Users\pstri\.dotnet\tools;C:\Program Files\Azure Data Studio\bin;C:\Users\pstri\AppData\Roaming\nvm;C:\Program Files\nodejs;C:\Program Files\JetBrains\PyCharm Community Edition 2021.2.1\bin;C:\Users\pstri;C:\Program Files\JetBrains\PyCharm 2021.3\bin;C:\Windows\system32;C:\Windows\System32\WindowsPowerShell\v1.0;C:\Program Files\Docker\Docker\resources\bin;C:\Program Files\Docker\Docker\resources;C:\Users\pstri\AppData\Roaming\npm;C:\Users\pstri\AppData\Local\Yarn\bin;C:\Program Files\Git\usr\bin\vendor_perl;C:\Program Files\Git\usr\bin\core_perl

Yarn version: 
  1.22.19

Node version: 
  18.20.2

Platform: 
  win32 x64

Trace: 
  SyntaxError: C:\Users\pstri\Desktop\e-commerce\package.json: Unexpected token ч in JSON at position 0
      at JSON.parse (<anonymous>)
      at C:\Program Files (x86)\Yarn\lib\cli.js:1629:59
      at Generator.next (<anonymous>)
      at step (C:\Program Files (x86)\Yarn\lib\cli.js:310:30)
      at C:\Program Files (x86)\Yarn\lib\cli.js:321:13

npm manifest: 
  ч
      "axios": "^1.6.8",
      "classnames": "^2.5.1",
      "cross-env": "^7.0.3",
      "D": "^1.0.0",
      "mobx": "^6.12.3",
      "mobx-react-lite": "^4.0.7",
      "qs": "^6.12.1",
      "react": "^18.2.0",
      "react-dom": "^18.2.0",
      "react-infinite-scroll-component": "^6.1.0",
      "react-refresh": "^0.14.2",
      "react-router-dom": "^6.22.3",
      "regenerator-runtime": "^0.14.1",
      "swiper": "^11.1.1"
  },
  "devDependencies": {
      "@babel/cli": "^7.24.5",
      "@babel/core": "^7.24.5",
      "@babel/plugin-proposal-optional-chaining": "^7.21.0",
      "@babel/preset-env": "^7.24.5",
      "@babel/preset-react": "^7.24.1",
      "@babel/preset-typescript": "^7.24.1",
      "@pmmmwh/react-refresh-webpack-plugin": "^0.5.13",
      "@types/node": "^20.12.7",
      "@types/qs": "^6.9.15",
      "@types/react": "^18.3.1",
      "@types/react-dom": "^18.3.0",
      "@types/webpack-env": "^1.18.4",
      "@typescript-eslint/eslint-plugin": "^7.2.0",
      "@typescript-eslint/parser": "^7.2.0",
      "autoprefixer": "^10.4.19",
      "babel-loader": "^9.1.3",
      "babel-preset-mobx": "^2.0.0",
      "css-loader": "^6.1.1",
      "eslint": "^8.57.0",
      "eslint-config-prettier": "^9.1.0",
      "eslint-import-resolver-typescript": "^3.6.1",
      "eslint-plugin-import": "^2.29.1",
      "eslint-plugin-prettier": "^5.1.3",
      "eslint-plugin-react": "^7.34.1",
      "eslint-plugin-react-hooks": "^4.6.0",
      "eslint-plugin-react-refresh": "^0.4.6",
      "fork-ts-checker-webpack-plugin": "^9.0.2",
      "gh-pages": "^6.1.1",
      "html-webpack-plugin": "^5.6.0",
      "mini-css-extract-plugin": "^2.9.0",
      "postcss-loader": "^8.1.1",
      "prettier": "^3.2.5",
      "sass": "^1.76.0",
      "sass-loader": "^14.2.1",
      "style-loader": "^4.0.0",
      "ts-node": "^10.9.2",
      "typescript": "^5.4.5",
      "webpack": "^5.91.0",
      "webpack-cli": "^5.1.4",
      "webpack-dev-server": "^5.0.4"
  },
  "browserslist": [
      "last 2 chrome versions"
  ]
  }

yarn manifest: 
  No manifest

Lockfile: 
  No lockfile
